<?xml version="1.0" encoding="UTF-8"?>
<!-- Generated by org.testng.reporters.JUnitReportReporter -->
<testsuite skipped="1" hostname="Sachins-MacBook-Pro.local" name="ParllelTestCase" tests="4" failures="0" timestamp="26 Mar 2020 08:25:00 GMT" time="0.010" errors="0">
  <testcase name="test1" time="0.010" classname="ParllelTestCase"/>
  <testcase name="test1" time="0.000" classname="ParllelTestCase"/>
  <testcase name="test1" time="0.000" classname="ParllelTestCase"/>
  <testcase name="test2" classname="ParllelTestCase">
    <skipped/>
  </testcase> <!-- test2 -->
</testsuite> <!-- ParllelTestCase -->
